<?xml version="1.0" encoding="UTF-8"?>
<!-- Generated by org.testng.reporters.JUnitReportReporter -->
<testsuite hostname="DESKTOP-DGVQ9K6" failures="0" tests="4" name="seleniumframeworkdesign.TestCase.Standalonetest" time="110.396" errors="0" timestamp="2024-06-24T06:37:10 GMT-07:00" skipped="0">
  <testcase classname="seleniumframeworkdesign.TestCase.Standalonetest" name="logIn" time="20.562"/>
  <system-out/>
  <testcase classname="seleniumframeworkdesign.TestCase.Standalonetest" name="submitForm" time="33.401"/>
  <system-out/>
  <testcase classname="seleniumframeworkdesign.TestCase.Standalonetest" name="submitForm" time="35.099"/>
  <system-out/>
  <testcase classname="seleniumframeworkdesign.TestCase.Standalonetest" name="logIn" time="21.334"/>
  <system-out/>
</testsuite> <!-- seleniumframeworkdesign.TestCase.Standalonetest -->
