<?xml version="1.0" encoding="UTF-8"?>
<!-- Generated by org.testng.reporters.JUnitReportReporter -->
<testsuite hostname="DESKTOP-DGVQ9K6" failures="0" tests="2" name="seleniumframeworkdesign.TestCase.Standalonetest2" time="112.343" errors="0" timestamp="2024-05-22T06:25:48 GMT-07:00" skipped="0">
  <testcase classname="seleniumframeworkdesign.TestCase.Standalonetest2" name="submitForm" time="24.414"/>
  <system-out/>
  <testcase classname="seleniumframeworkdesign.TestCase.Standalonetest2" name="submitForm" time="87.929"/>
  <system-out/>
</testsuite> <!-- seleniumframeworkdesign.TestCase.Standalonetest2 -->
