<?xml version="1.0" encoding="UTF-8"?>
<!-- Generated by org.testng.reporters.JUnitReportReporter -->
<testsuite hostname="DESKTOP-DGVQ9K6" failures="0" tests="4" name="seleniumframeworkdesign.TestCase.Standalonetest" time="146.055" errors="0" timestamp="2024-06-20T08:05:31 GMT-07:00" skipped="0">
  <testcase classname="seleniumframeworkdesign.TestCase.Standalonetest" name="logIn" time="23.435"/>
  <system-out/>
  <testcase classname="seleniumframeworkdesign.TestCase.Standalonetest" name="submitForm" time="45.349"/>
  <system-out/>
  <testcase classname="seleniumframeworkdesign.TestCase.Standalonetest" name="logIn" time="35.477"/>
  <system-out/>
  <testcase classname="seleniumframeworkdesign.TestCase.Standalonetest" name="submitForm" time="41.794"/>
  <system-out/>
</testsuite> <!-- seleniumframeworkdesign.TestCase.Standalonetest -->
