<?xml version="1.0" encoding="UTF-8"?>
<!-- Generated by org.testng.reporters.JUnitReportReporter -->
<testsuite hostname="DESKTOP-DGVQ9K6" failures="0" tests="4" name="seleniumframeworkdesign.TestCase.Standalonetest" time="111.986" errors="0" timestamp="2024-06-27T07:02:51 GMT-07:00" skipped="0">
  <testcase classname="seleniumframeworkdesign.TestCase.Standalonetest" name="logIn" time="27.686"/>
  <system-out/>
  <testcase classname="seleniumframeworkdesign.TestCase.Standalonetest" name="logIn" time="19.039"/>
  <system-out/>
  <testcase classname="seleniumframeworkdesign.TestCase.Standalonetest" name="submitForm" time="31.942"/>
  <system-out/>
  <testcase classname="seleniumframeworkdesign.TestCase.Standalonetest" name="submitForm" time="33.319"/>
  <system-out/>
</testsuite> <!-- seleniumframeworkdesign.TestCase.Standalonetest -->
