<?xml version="1.0" encoding="UTF-8"?>
<!-- Generated by org.testng.reporters.JUnitReportReporter -->
<testsuite hostname="DESKTOP-DGVQ9K6" failures="0" tests="4" name="seleniumframeworkdesign.TestCase.Standalonetest" time="170.573" errors="0" timestamp="2024-06-25T09:24:40 GMT-07:00" skipped="0">
  <testcase classname="seleniumframeworkdesign.TestCase.Standalonetest" name="logIn" time="33.421"/>
  <testcase classname="seleniumframeworkdesign.TestCase.Standalonetest" name="logIn" time="47.171"/>
  <testcase classname="seleniumframeworkdesign.TestCase.Standalonetest" name="submitForm" time="31.082"/>
  <testcase classname="seleniumframeworkdesign.TestCase.Standalonetest" name="submitForm" time="58.899"/>
</testsuite> <!-- seleniumframeworkdesign.TestCase.Standalonetest -->
