<?xml version="1.0" encoding="UTF-8"?>
<!-- Generated by org.testng.reporters.JUnitReportReporter -->
<testsuite hostname="DESKTOP-DGVQ9K6" failures="0" tests="4" name="seleniumframeworkdesign.TestCase.Standalonetest" time="241.065" errors="0" timestamp="2024-07-09T06:28:55 GMT-07:00" skipped="0">
  <testcase classname="seleniumframeworkdesign.TestCase.Standalonetest" name="logIn" time="55.768"/>
  <testcase classname="seleniumframeworkdesign.TestCase.Standalonetest" name="submitForm" time="76.509"/>
  <testcase classname="seleniumframeworkdesign.TestCase.Standalonetest" name="logIn" time="36.059"/>
  <testcase classname="seleniumframeworkdesign.TestCase.Standalonetest" name="submitForm" time="72.729"/>
</testsuite> <!-- seleniumframeworkdesign.TestCase.Standalonetest -->
