<?xml version="1.0" encoding="UTF-8"?>
<!-- Generated by org.testng.reporters.JUnitReportReporter -->
<testsuite hostname="DESKTOP-DGVQ9K6" failures="0" tests="4" name="seleniumframeworkdesign.TestCase.Standalonetest" time="99.159" errors="0" timestamp="2024-07-01T06:49:22 GMT-07:00" skipped="0">
  <testcase classname="seleniumframeworkdesign.TestCase.Standalonetest" name="logIn" time="23.615"/>
  <testcase classname="seleniumframeworkdesign.TestCase.Standalonetest" name="submitForm" time="28.617"/>
  <testcase classname="seleniumframeworkdesign.TestCase.Standalonetest" name="logIn" time="14.614"/>
  <testcase classname="seleniumframeworkdesign.TestCase.Standalonetest" name="submitForm" time="32.313"/>
</testsuite> <!-- seleniumframeworkdesign.TestCase.Standalonetest -->
