<?xml version="1.0" encoding="UTF-8"?>
<!-- Generated by org.testng.reporters.JUnitReportReporter -->
<testsuite hostname="DESKTOP-DGVQ9K6" failures="0" tests="4" name="seleniumframeworkdesign.TestCase.Standalonetest" time="122.843" errors="0" timestamp="2024-06-27T06:09:56 GMT-07:00" skipped="0">
  <testcase classname="seleniumframeworkdesign.TestCase.Standalonetest" name="logIn" time="25.277"/>
  <testcase classname="seleniumframeworkdesign.TestCase.Standalonetest" name="logIn" time="25.079"/>
  <testcase classname="seleniumframeworkdesign.TestCase.Standalonetest" name="submitForm" time="41.294"/>
  <testcase classname="seleniumframeworkdesign.TestCase.Standalonetest" name="submitForm" time="31.193"/>
</testsuite> <!-- seleniumframeworkdesign.TestCase.Standalonetest -->
