<?xml version="1.0" encoding="UTF-8"?>
<!-- Generated by org.testng.reporters.JUnitReportReporter -->
<testsuite hostname="DESKTOP-DGVQ9K6" failures="0" tests="4" name="seleniumframeworkdesign.TestCase.Standalonetest" time="104.069" errors="0" timestamp="2024-06-26T09:38:57 GMT-07:00" skipped="0">
  <testcase classname="seleniumframeworkdesign.TestCase.Standalonetest" name="submitForm" time="30.045"/>
  <testcase classname="seleniumframeworkdesign.TestCase.Standalonetest" name="logIn" time="17.442"/>
  <testcase classname="seleniumframeworkdesign.TestCase.Standalonetest" name="submitForm" time="38.928"/>
  <testcase classname="seleniumframeworkdesign.TestCase.Standalonetest" name="logIn" time="17.654"/>
</testsuite> <!-- seleniumframeworkdesign.TestCase.Standalonetest -->
